# JRE version: OpenJDK Runtime Environment Corretto-11.0.16.9.1 (11.0.16.1+9) (build 11.0.16.1+9-LTS)
# Java VM: OpenJDK 64-Bit Server VM Corretto-11.0.16.9.1 (11.0.16.1+9-LTS, mixed mode, tiered, compressed oops, g1 gc, windows-amd64)
Heap:
 garbage-first heap   total 131072K, used 12422K [0x0000000081c00000, 0x0000000100000000)
  region size 1024K, 5 young (5120K), 5 survivors (5120K)
 Metaspace       used 27532K, capacity 28417K, committed 28464K, reserved 1087488K
  class space    used 3330K, capacity 3691K, committed 3712K, reserved 1048576K
GC Heap History (10 events):
Event: 1.468 GC heap before
{Heap before GC invocations=0 (full 0):
 garbage-first heap   total 131072K, used 25600K [0x0000000081c00000, 0x0000000100000000)
  region size 1024K, 24 young (24576K), 0 survivors (0K)
 Metaspace       used 13719K, capacity 14078K, committed 14336K, reserved 1062912K
  class space    used 1409K, capacity 1525K, committed 1536K, reserved 1048576K
}
Event: 1.478 GC heap after
{Heap after GC invocations=1 (full 0):
 garbage-first heap   total 131072K, used 7224K [0x0000000081c00000, 0x0000000100000000)
  region size 1024K, 3 young (3072K), 3 survivors (3072K)
 Metaspace       used 13719K, capacity 14078K, committed 14336K, reserved 1062912K
  class space    used 1409K, capacity 1525K, committed 1536K, reserved 1048576K
}
Event: 1.679 GC heap before
{Heap before GC invocations=1 (full 0):
 garbage-first heap   total 131072K, used 25656K [0x0000000081c00000, 0x0000000100000000)
  region size 1024K, 21 young (21504K), 3 survivors (3072K)
 Metaspace       used 16953K, capacity 17439K, committed 17664K, reserved 1064960K
  class space    used 1833K, capacity 2001K, committed 2048K, reserved 1048576K
}
Event: 1.686 GC heap after
{Heap after GC invocations=2 (full 0):
 garbage-first heap   total 131072K, used 8548K [0x0000000081c00000, 0x0000000100000000)
  region size 1024K, 1 young (1024K), 1 survivors (1024K)
 Metaspace       used 16953K, capacity 17439K, committed 17664K, reserved 1064960K
  class space    used 1833K, capacity 2001K, committed 2048K, reserved 1048576K
}
Event: 2.230 GC heap before
{Heap before GC invocations=2 (full 0):
 garbage-first heap   total 131072K, used 33124K [0x0000000081c00000, 0x0000000100000000)
  region size 1024K, 26 young (26624K), 1 survivors (1024K)
 Metaspace       used 20451K, capacity 21140K, committed 21296K, reserved 1069056K
  class space    used 2346K, capacity 2630K, committed 2688K, reserved 1048576K
}
Event: 2.233 GC heap after
{Heap after GC invocations=3 (full 0):
 garbage-first heap   total 131072K, used 9475K [0x0000000081c00000, 0x0000000100000000)
  region size 1024K, 2 young (2048K), 2 survivors (2048K)
 Metaspace       used 20451K, capacity 21140K, committed 21296K, reserved 1069056K
  class space    used 2346K, capacity 2630K, committed 2688K, reserved 1048576K
}
Event: 2.500 GC heap before
{Heap before GC invocations=4 (full 0):
 garbage-first heap   total 131072K, used 53507K [0x0000000081c00000, 0x0000000100000000)
  region size 1024K, 45 young (46080K), 2 survivors (2048K)
 Metaspace       used 24341K, capacity 25122K, committed 25264K, reserved 1071104K
  class space    used 2955K, capacity 3252K, committed 3328K, reserved 1048576K
}
Event: 2.505 GC heap after
{Heap after GC invocations=5 (full 0):
 garbage-first heap   total 131072K, used 10983K [0x0000000081c00000, 0x0000000100000000)
  region size 1024K, 4 young (4096K), 4 survivors (4096K)
 Metaspace       used 24341K, capacity 25122K, committed 25264K, reserved 1071104K
  class space    used 2955K, capacity 3252K, committed 3328K, reserved 1048576K
}
Event: 2.736 GC heap before
{Heap before GC invocations=5 (full 0):
 garbage-first heap   total 131072K, used 44775K [0x0000000081c00000, 0x0000000100000000)
  region size 1024K, 38 young (38912K), 4 survivors (4096K)
 Metaspace       used 27532K, capacity 28417K, committed 28464K, reserved 1085440K
  class space    used 3330K, capacity 3691K, committed 3712K, reserved 1048576K
}
Event: 2.744 GC heap after
{Heap after GC invocations=6 (full 0):
 garbage-first heap   total 131072K, used 12422K [0x0000000081c00000, 0x0000000100000000)
  region size 1024K, 5 young (5120K), 5 survivors (5120K)
 Metaspace       used 27532K, capacity 28417K, committed 28464K, reserved 1085440K
  class space    used 3330K, capacity 3691K, committed 3712K, reserved 1048576K
}

